0 info it worked if it ends with ok
1 verbose cli [ 'node',
1 verbose cli   '/usr/local/bin/npm',
1 verbose cli   'install',
1 verbose cli   'bycrypt-nodejs',
1 verbose cli   '--save' ]
2 info using npm@1.4.28
3 info using node@v0.10.32
4 verbose node symlink /usr/local/bin/node
5 warn package.json iSpend@0.0.1 No README data
6 warn package.json session@0.1.0 bugs['web'] should probably be bugs['url'].
7 verbose readDependencies using package.json deps
8 verbose cache add [ 'bycrypt-nodejs', null ]
9 verbose cache add name=undefined spec="bycrypt-nodejs" args=["bycrypt-nodejs",null]
10 verbose parsed url { protocol: null,
10 verbose parsed url   slashes: null,
10 verbose parsed url   auth: null,
10 verbose parsed url   host: null,
10 verbose parsed url   port: null,
10 verbose parsed url   hostname: null,
10 verbose parsed url   hash: null,
10 verbose parsed url   search: null,
10 verbose parsed url   query: null,
10 verbose parsed url   pathname: 'bycrypt-nodejs',
10 verbose parsed url   path: 'bycrypt-nodejs',
10 verbose parsed url   href: 'bycrypt-nodejs' }
11 silly lockFile cd25d0cd-bycrypt-nodejs bycrypt-nodejs
12 verbose lock bycrypt-nodejs /Users/andela/.npm/cd25d0cd-bycrypt-nodejs.lock
13 silly lockFile cd25d0cd-bycrypt-nodejs bycrypt-nodejs
14 silly lockFile cd25d0cd-bycrypt-nodejs bycrypt-nodejs
15 verbose addNamed [ 'bycrypt-nodejs', '' ]
16 verbose addNamed [ null, '*' ]
17 silly lockFile 98548165-bycrypt-nodejs bycrypt-nodejs@
18 verbose lock bycrypt-nodejs@ /Users/andela/.npm/98548165-bycrypt-nodejs.lock
19 silly addNameRange { name: 'bycrypt-nodejs', range: '*', hasData: false }
20 verbose request where is /bycrypt-nodejs
21 verbose request registry https://registry.npmjs.org/
22 verbose request id 372671577e98c2ae
23 verbose url raw /bycrypt-nodejs
24 verbose url resolving [ 'https://registry.npmjs.org/', './bycrypt-nodejs' ]
25 verbose url resolved https://registry.npmjs.org/bycrypt-nodejs
26 verbose request where is https://registry.npmjs.org/bycrypt-nodejs
27 info trying registry request attempt 1 at 00:29:37
28 http GET https://registry.npmjs.org/bycrypt-nodejs
29 http 404 https://registry.npmjs.org/bycrypt-nodejs
30 verbose headers { date: 'Mon, 23 Mar 2015 23:29:38 GMT',
30 verbose headers   server: 'CouchDB/1.5.0 (Erlang OTP/R16B03)',
30 verbose headers   'content-type': 'application/json',
30 verbose headers   'cache-control': 'max-age=0',
30 verbose headers   'content-length': '51',
30 verbose headers   'accept-ranges': 'bytes',
30 verbose headers   via: '1.1 varnish',
30 verbose headers   age: '0',
30 verbose headers   'x-served-by': 'cache-ams4121-AMS',
30 verbose headers   'x-cache': 'MISS',
30 verbose headers   'x-cache-hits': '0',
30 verbose headers   'x-timer': 'S1427153377.739566,VS0,VE665',
30 verbose headers   'keep-alive': 'timeout=10, max=50',
30 verbose headers   connection: 'Keep-Alive' }
31 silly registry.get cb [ 404,
31 silly registry.get   { date: 'Mon, 23 Mar 2015 23:29:38 GMT',
31 silly registry.get     server: 'CouchDB/1.5.0 (Erlang OTP/R16B03)',
31 silly registry.get     'content-type': 'application/json',
31 silly registry.get     'cache-control': 'max-age=0',
31 silly registry.get     'content-length': '51',
31 silly registry.get     'accept-ranges': 'bytes',
31 silly registry.get     via: '1.1 varnish',
31 silly registry.get     age: '0',
31 silly registry.get     'x-served-by': 'cache-ams4121-AMS',
31 silly registry.get     'x-cache': 'MISS',
31 silly registry.get     'x-cache-hits': '0',
31 silly registry.get     'x-timer': 'S1427153377.739566,VS0,VE665',
31 silly registry.get     'keep-alive': 'timeout=10, max=50',
31 silly registry.get     connection: 'Keep-Alive' } ]
32 silly lockFile 98548165-bycrypt-nodejs bycrypt-nodejs@
33 silly lockFile 98548165-bycrypt-nodejs bycrypt-nodejs@
34 error 404 404 Not Found: bycrypt-nodejs
34 error 404
34 error 404 'bycrypt-nodejs' is not in the npm registry.
34 error 404 You should bug the author to publish it
34 error 404 It was specified as a dependency of 'iSpend'
34 error 404
34 error 404 Note that you can also install from a
34 error 404 tarball, folder, or http url, or git url.
35 error System Darwin 14.1.0
36 error command "node" "/usr/local/bin/npm" "install" "bycrypt-nodejs" "--save"
37 error cwd /Users/andela/Desktop/src/projects/iSpend
38 error node -v v0.10.32
39 error npm -v 1.4.28
40 error code E404
41 verbose exit [ 1, true ]
